<?xml version="1.0" encoding="UTF-8"?>
<!-- Generated by org.testng.reporters.JUnitReportReporter -->
<testsuite hostname="LAPTOP-5PTD3T23" name="testcases.Verify_FlightResults" tests="1" failures="0" timestamp="6 Mar 2017 08:04:06 GMT" time="35.916" errors="0">
  <testcase name="testHomePage" time="35.916" classname="testcases.Verify_FlightResults"/>
</testsuite> <!-- testcases.Verify_FlightResults -->
