<?xml version="1.0" encoding="UTF-8"?>
<!-- Generated by org.testng.reporters.JUnitReportReporter -->
<testsuite hostname="LAPTOP-5PTD3T23" name="testcases.Verify_FlightDetails" tests="1" failures="0" timestamp="6 Mar 2017 08:04:06 GMT" time="47.835" errors="0">
  <testcase name="testHomePage" time="47.835" classname="testcases.Verify_FlightDetails"/>
</testsuite> <!-- testcases.Verify_FlightDetails -->
